<?xml version="1.0" encoding="UTF-8"?>
<testsuites>
  <testsuite name="Testing_the_static_text_in_Game_intro" timestamp="2019-05-16T13:06:34" time="11.739" tests="3" failures="0" errors="0" skipped="0">
    <properties>
      <property name="specId" value="211c07af348874d1d4ffb3909eaafe5d"/>
      <property name="suiteName" value="Testing the static text in Game intro"/>
      <property name="capabilities" value="chrome"/>
      <property name="file" value=".\projects\test\specs\gameIntro.spec.js"/>
    </properties>
    <testcase classname="chrome.Testing_the_static_text_in_Game_intro" name="Game_intro_should_have_the_right_text" time="0.193"/>
    <testcase classname="chrome.Testing_the_static_text_in_Game_intro" name="Text_above_game_should_be_the_same" time="0.07"/>
    <testcase classname="chrome.Testing_the_static_text_in_Game_intro" name="should_display_properly_New_Game_button" time="10.083"/>
  </testsuite>
</testsuites>